<?xml version="1.0" encoding="UTF-8"?>
<!-- Generated by org.testng.reporters.JUnitReportReporter -->
<testsuite hostname="Anant" failures="0" tests="1" name="com.store.TestCases.TC001_CreateAccountPageTest" time="8.388" errors="0" timestamp="2024-03-03T02:00:31 IST" skipped="0">
  <testcase classname="com.store.TestCases.TC001_CreateAccountPageTest" name="tc001_verifyUserAccountRegistration" time="8.388"/>
</testsuite> <!-- com.store.TestCases.TC001_CreateAccountPageTest -->
