<?xml version="1.0" encoding="UTF-8"?>
<!-- Generated by org.testng.reporters.JUnitReportReporter -->
<testsuite hostname="Anant" failures="0" tests="1" name="com.store.TestCases.TC001_CreateAccountPageTest" time="6.720" errors="0" timestamp="2024-02-29T02:33:29 IST" skipped="0">
  <testcase classname="com.store.TestCases.TC001_CreateAccountPageTest" name="tc001_verifyUserAccountRegistration" time="6.720"/>
</testsuite> <!-- com.store.TestCases.TC001_CreateAccountPageTest -->
